<?xml version="1.0" encoding="UTF-8"?>
<!-- Generated by org.testng.reporters.JUnitReportReporter -->
<testsuite hostname="LAPTOP-9KUC2J4U" failures="0" tests="1" name="com.rameshsoft.automation.appln.bussinessscripts.InstTest" time="21.682" errors="0" timestamp="2022-03-22T11:06:53 IST" skipped="0">
  <testcase classname="com.rameshsoft.automation.appln.bussinessscripts.InstTest" name="instTest" time="21.682"/>
  <system-out/>
</testsuite> <!-- com.rameshsoft.automation.appln.bussinessscripts.InstTest -->
