<?xml version="1.0" encoding="UTF-8"?>
<!-- Generated by org.testng.reporters.JUnitReportReporter -->
<testsuite skipped="0" hostname="LAPTOP-9KUC2J4U" name="com.ram.automation.fb" tests="1" failures="0" timestamp="2022-02-06T22:52:54 IST" time="2.775" errors="0">
  <testcase name="fbtest" time="2.775" classname="com.ram.automation.fb"/>
  <system-out/>
</testsuite> <!-- com.ram.automation.fb -->
