<?xml version="1.0" encoding="UTF-8"?>
<!-- Generated by org.testng.reporters.JUnitReportReporter -->
<testsuite hostname="LAPTOP-9KUC2J4U" failures="0" tests="1" name="regression.ValidateLogin" time="95.209" errors="0" timestamp="2024-10-29T19:26:32 IST" skipped="0">
  <testcase classname="regression.ValidateLogin" name="validateLoginTest" time="95.209"/>
</testsuite> <!-- regression.ValidateLogin -->
