<?xml version="1.0" encoding="UTF-8"?>
<!-- Generated by org.testng.reporters.JUnitReportReporter -->
<testsuite skipped="1" hostname="LAPTOP-9KUC2J4U" name="com.rameshsoft.automation.appln.bussinessscripts.fptest" tests="1" failures="0" timestamp="2022-02-20T11:07:32 IST" time="0.000" errors="0">
  <testcase name="flpkrttest" time="0.000" classname="com.rameshsoft.automation.appln.bussinessscripts.fptest">
    <skipped/>
  </testcase> <!-- flpkrttest -->
  <system-out/>
</testsuite> <!-- com.rameshsoft.automation.appln.bussinessscripts.fptest -->
