<?xml version="1.0" encoding="UTF-8"?>
<!-- Generated by org.testng.reporters.JUnitReportReporter -->
<testsuite hostname="LAPTOP-9KUC2J4U" failures="0" tests="1" name="com.rameshsoft.automation.bussinesscripts.Insttest" time="8.755" errors="0" timestamp="2023-09-13T15:22:15 IST" skipped="0">
  <testcase classname="com.rameshsoft.automation.bussinesscripts.Insttest" name="insttest" time="8.755"/>
</testsuite> <!-- com.rameshsoft.automation.bussinesscripts.Insttest -->
