<?xml version="1.0" encoding="UTF-8"?>
<!-- Generated by org.testng.reporters.JUnitReportReporter -->
<testsuite hostname="LAPTOP-9KUC2J4U" failures="0" tests="1" name="com.rameshsoft.automation.bussinesscripts.Fptest" time="11.055" errors="0" timestamp="2023-09-18T09:08:39 IST" skipped="0">
  <testcase classname="com.rameshsoft.automation.bussinesscripts.Fptest" name="fptest" time="11.055"/>
</testsuite> <!-- com.rameshsoft.automation.bussinesscripts.Fptest -->
