<?xml version="1.0" encoding="UTF-8"?>
<!-- Generated by org.testng.reporters.JUnitReportReporter -->
<testsuite skipped="0" hostname="LAPTOP-9KUC2J4U" name="com.rameshsoft.automation.appln.bussinessscripts.fptest" tests="1" failures="0" timestamp="2022-02-09T16:43:09 IST" time="7.391" errors="0">
  <testcase name="flpkrttest" time="7.391" classname="com.rameshsoft.automation.appln.bussinessscripts.fptest"/>
  <system-out/>
</testsuite> <!-- com.rameshsoft.automation.appln.bussinessscripts.fptest -->
