<?xml version="1.0" encoding="UTF-8"?>
<!-- Generated by org.testng.reporters.JUnitReportReporter -->
<testsuite skipped="0" hostname="LAPTOP-9KUC2J4U" name="sai.sairam" tests="1" failures="0" timestamp="2022-02-02T17:00:44 IST" time="0.006" errors="0">
  <testcase name="hike" time="0.006" classname="sai.sairam"/>
  <system-out/>
</testsuite> <!-- sai.sairam -->
