<?xml version="1.0" encoding="UTF-8"?>
<!-- Generated by org.testng.reporters.JUnitReportReporter -->
<testsuite skipped="0" hostname="LAPTOP-9KUC2J4U" name="ram.RamaRaju" tests="4" failures="0" timestamp="2022-02-02T17:00:44 IST" time="10.458" errors="0">
  <testcase name="Job" time="0.018" classname="ram.RamaRaju"/>
  <system-out/>
  <testcase name="hike" time="0.005" classname="ram.RamaRaju"/>
  <system-out/>
  <testcase name="uselesseclipse" time="0.014" classname="ram.RamaRaju"/>
  <system-out/>
  <testcase name="logintest" time="10.421" classname="ram.RamaRaju"/>
  <system-out/>
</testsuite> <!-- ram.RamaRaju -->
