<?xml version="1.0" encoding="UTF-8"?>
<!-- Generated by org.testng.reporters.JUnitReportReporter -->
<testsuite skipped="0" hostname="LAPTOP-9KUC2J4U" name="com.rameshsoft.automation.appln.bussinessscripts.gmailtest" tests="1" failures="0" timestamp="2022-03-04T13:49:23 IST" time="6.912" errors="0">
  <testcase name="logintest" time="6.912" classname="com.rameshsoft.automation.appln.bussinessscripts.gmailtest"/>
  <system-out/>
</testsuite> <!-- com.rameshsoft.automation.appln.bussinessscripts.gmailtest -->
