<?xml version="1.0" encoding="UTF-8"?>
<!-- Generated by org.testng.reporters.JUnitReportReporter -->
<testsuite skipped="0" hostname="LAPTOP-9KUC2J4U" name="com.rameshsoft.automation.appln.bussinessscripts.InstTest" tests="1" failures="0" timestamp="2022-03-04T13:49:23 IST" time="9.337" errors="0">
  <testcase name="instTest" time="9.337" classname="com.rameshsoft.automation.appln.bussinessscripts.InstTest"/>
  <system-out/>
</testsuite> <!-- com.rameshsoft.automation.appln.bussinessscripts.InstTest -->
