<?xml version="1.0" encoding="UTF-8"?>
<!-- Generated by org.testng.reporters.JUnitReportReporter -->
<testsuite hostname="LAPTOP-9KUC2J4U" failures="0" tests="1" name="com.rameshsoft.businescripts.Fptest" time="5.699" errors="0" timestamp="2023-08-29T09:36:52 IST" skipped="0">
  <testcase classname="com.rameshsoft.businescripts.Fptest" name="fbtest" time="5.699"/>
</testsuite> <!-- com.rameshsoft.businescripts.Fptest -->
