<?xml version="1.0" encoding="UTF-8"?>
<!-- Generated by org.testng.reporters.JUnitReportReporter -->
<testsuite hostname="LAPTOP-9KUC2J4U" failures="0" tests="3" name="testng.AdactinApp" time="0.107" errors="0" timestamp="2024-10-21T10:57:59 IST" skipped="0">
  <testcase classname="testng.AdactinApp" name="forgotPasswordTest" time="0.047"/>
  <testcase classname="testng.AdactinApp" name="registrationTest" time="0.035"/>
  <testcase classname="testng.AdactinApp" name="loginTest" time="0.025"/>
</testsuite> <!-- testng.AdactinApp -->
