<?xml version="1.0" encoding="UTF-8"?>
<!-- Generated by org.testng.reporters.JUnitReportReporter -->
<testsuite hostname="LAPTOP-9KUC2J4U" failures="0" tests="1" name="alerts.AlertAssignment" time="26.397" errors="0" timestamp="2024-10-26T12:57:58 IST" skipped="0">
  <testcase classname="alerts.AlertAssignment" name="alertTest" time="26.397"/>
</testsuite> <!-- alerts.AlertAssignment -->
