<?xml version="1.0" encoding="UTF-8"?>
<!-- Generated by org.testng.reporters.JUnitReportReporter -->
<testsuite hostname="LAPTOP-9KUC2J4U" failures="0" tests="1" name="switchwindow.MultipleWindow" time="48.710" errors="0" timestamp="2024-10-23T23:59:29 IST" skipped="0">
  <testcase classname="switchwindow.MultipleWindow" name="multipleWindowsTest" time="48.710"/>
</testsuite> <!-- switchwindow.MultipleWindow -->
