<?xml version="1.0" encoding="UTF-8"?>
<!-- Generated by org.testng.reporters.JUnitReportReporter -->
<testsuite hostname="LAPTOP-9KUC2J4U" failures="0" tests="1" name="waits.ExplicitWaitDemo" time="23.528" errors="0" timestamp="2024-10-27T13:10:33 IST" skipped="0">
  <testcase classname="waits.ExplicitWaitDemo" name="explicitWaitTest" time="23.528"/>
</testsuite> <!-- waits.ExplicitWaitDemo -->
