<?xml version="1.0" encoding="UTF-8"?>
<!-- Generated by org.testng.reporters.JUnitReportReporter -->
<testsuite hostname="LAPTOP-9KUC2J4U" failures="0" tests="1" name="javascriptexecutor.ScrollToBottom" time="62.030" errors="0" timestamp="2024-10-26T17:43:37 IST" skipped="0">
  <testcase classname="javascriptexecutor.ScrollToBottom" name="scrollTest" time="62.030"/>
</testsuite> <!-- javascriptexecutor.ScrollToBottom -->
