<?xml version="1.0" encoding="UTF-8"?>
<!-- Generated by org.testng.reporters.JUnitReportReporter -->
<testsuite hostname="LAPTOP-9KUC2J4U" failures="0" tests="1" name="javascriptexecutor.PepperFryApp2" time="42.507" errors="0" timestamp="2024-10-26T17:52:08 IST" skipped="0">
  <testcase classname="javascriptexecutor.PepperFryApp2" name="scrollTest" time="42.507"/>
</testsuite> <!-- javascriptexecutor.PepperFryApp2 -->
