<?xml version="1.0" encoding="UTF-8"?>
<!-- Generated by org.testng.reporters.JUnitReportReporter -->
<testsuite hostname="LAPTOP-9KUC2J4U" failures="0" tests="1" name="webtable.WebTableDynamic" time="66.845" errors="0" timestamp="2024-10-27T20:28:34 IST" skipped="0">
  <testcase classname="webtable.WebTableDynamic" name="webTableTest" time="66.845"/>
</testsuite> <!-- webtable.WebTableDynamic -->
