<?xml version="1.0" encoding="UTF-8"?>
<!-- Generated by org.testng.reporters.JUnitReportReporter -->
<testsuite hostname="LAPTOP-9KUC2J4U" failures="0" tests="1" name="screenshots.ScreenShotDemo1" time="27.391" errors="0" timestamp="2024-10-26T19:36:53 IST" skipped="0">
  <testcase classname="screenshots.ScreenShotDemo1" name="screenShotTest" time="27.391"/>
</testsuite> <!-- screenshots.ScreenShotDemo1 -->
