<?xml version="1.0" encoding="UTF-8"?>
<!-- Generated by org.testng.reporters.JUnitReportReporter -->
<testsuite hostname="LAPTOP-9KUC2J4U" failures="0" tests="1" name="actions.DragAndDropBY" time="35.395" errors="0" timestamp="2024-10-23T15:46:37 IST" skipped="0">
  <testcase classname="actions.DragAndDropBY" name="dragAndDropByTest" time="35.395"/>
</testsuite> <!-- actions.DragAndDropBY -->
