<?xml version="1.0" encoding="UTF-8"?>
<!-- Generated by org.testng.reporters.JUnitReportReporter -->
<testsuite hostname="LAPTOP-9KUC2J4U" failures="0" tests="1" name="webtable.WebTable2" time="62.468" errors="0" timestamp="2024-10-27T18:30:23 IST" skipped="0">
  <testcase classname="webtable.WebTable2" name="webTableTest" time="62.468"/>
</testsuite> <!-- webtable.WebTable2 -->
