<?xml version="1.0" encoding="UTF-8"?>
<!-- Generated by org.testng.reporters.JUnitReportReporter -->
<testsuite hostname="LAPTOP-9KUC2J4U" failures="0" tests="4" name="testng.AdactinHotelApp5" time="0.075" errors="0" timestamp="2024-10-21T22:51:14 IST" skipped="0">
  <testcase classname="testng.AdactinHotelApp5" name="registrationTest" time="0.051"/>
  <testcase classname="testng.AdactinHotelApp5" name="loginTest" time="0.009"/>
  <testcase classname="testng.AdactinHotelApp5" name="forgotPasswordTest" time="0.008"/>
  <testcase classname="testng.AdactinHotelApp5" name="changePasswordTest" time="0.007"/>
</testsuite> <!-- testng.AdactinHotelApp5 -->
