<?xml version="1.0" encoding="UTF-8"?>
<!-- Generated by org.testng.reporters.JUnitReportReporter -->
<testsuite hostname="LAPTOP-9KUC2J4U" failures="0" tests="1" name="shadowroot.ShadowRootDemo1" time="24.860" errors="0" timestamp="2024-10-28T09:55:53 IST" skipped="0">
  <testcase classname="shadowroot.ShadowRootDemo1" name="shadowRootTest" time="24.860"/>
</testsuite> <!-- shadowroot.ShadowRootDemo1 -->
