<?xml version="1.0" encoding="UTF-8"?>
<!-- Generated by org.testng.reporters.JUnitReportReporter -->
<testsuite hostname="LAPTOP-9KUC2J4U" failures="0" tests="1" name="frames.Frames" time="38.715" errors="0" timestamp="2024-10-25T11:19:43 IST" skipped="0">
  <testcase classname="frames.Frames" name="framestest" time="38.715"/>
</testsuite> <!-- frames.Frames -->
