<?xml version="1.0" encoding="UTF-8"?>
<!-- Generated by org.testng.reporters.JUnitReportReporter -->
<testsuite hostname="LAPTOP-9KUC2J4U" failures="0" tests="1" name="fileupload.FileUploadDemo1" time="94.138" errors="0" timestamp="2024-10-28T09:02:38 IST" skipped="0">
  <testcase classname="fileupload.FileUploadDemo1" name="fileUploadTest" time="94.138"/>
</testsuite> <!-- fileupload.FileUploadDemo1 -->
