<?xml version="1.0" encoding="UTF-8"?>
<!-- Generated by org.testng.reporters.JUnitReportReporter -->
<testsuite hostname="LAPTOP-9KUC2J4U" failures="0" tests="1" name="actions.DragAndDrop" time="16.754" errors="0" timestamp="2024-10-23T14:22:40 IST" skipped="0">
  <testcase classname="actions.DragAndDrop" name="dragAndDropTest" time="16.754"/>
</testsuite> <!-- actions.DragAndDrop -->
