<?xml version="1.0" encoding="UTF-8"?>
<!-- Generated by org.testng.reporters.JUnitReportReporter -->
<testsuite hostname="LAPTOP-9KUC2J4U" failures="0" tests="1" name="waits.FluentWaitDemo" time="20.032" errors="0" timestamp="2024-10-27T13:15:19 IST" skipped="0">
  <testcase classname="waits.FluentWaitDemo" name="waitsTest" time="20.032"/>
</testsuite> <!-- waits.FluentWaitDemo -->
