<?xml version="1.0" encoding="UTF-8"?>
<!-- Generated by org.testng.reporters.JUnitReportReporter -->
<testsuite hostname="LAPTOP-9KUC2J4U" failures="0" tests="1" name="actions.DoubleClick" time="22.540" errors="0" timestamp="2024-10-23T22:19:50 IST" skipped="0">
  <testcase classname="actions.DoubleClick" name="doubleClickTest" time="22.540"/>
</testsuite> <!-- actions.DoubleClick -->
