<?xml version="1.0" encoding="UTF-8"?>
<!-- Generated by org.testng.reporters.JUnitReportReporter -->
<testsuite hostname="LAPTOP-9KUC2J4U" failures="0" tests="1" name="waits.ImplicitWaitDemo1" time="34.631" errors="0" timestamp="2024-10-26T20:26:32 IST" skipped="0">
  <testcase classname="waits.ImplicitWaitDemo1" name="implicitWaitTest" time="34.631"/>
</testsuite> <!-- waits.ImplicitWaitDemo1 -->
