<?xml version="1.0" encoding="UTF-8"?>
<!-- Generated by org.testng.reporters.JUnitReportReporter -->
<testsuite hostname="LAPTOP-9KUC2J4U" failures="0" tests="2" name="radiocheck.RadioButton1" time="85.934" errors="0" timestamp="2024-10-27T17:15:41 IST" skipped="0">
  <testcase classname="radiocheck.RadioButton1" name="radioTest2" time="30.599"/>
  <testcase classname="radiocheck.RadioButton1" name="radioTest" time="55.335"/>
</testsuite> <!-- radiocheck.RadioButton1 -->
