<?xml version="1.0" encoding="UTF-8"?>
<!-- Generated by org.testng.reporters.JUnitReportReporter -->
<testsuite hostname="LAPTOP-9KUC2J4U" failures="0" tests="1" name="frames.FrameWindow" time="43.783" errors="0" timestamp="2024-10-25T13:25:25 IST" skipped="0">
  <testcase classname="frames.FrameWindow" name="frameWindowDemo" time="43.783"/>
</testsuite> <!-- frames.FrameWindow -->
