<?xml version="1.0" encoding="UTF-8"?>
<!-- Generated by org.testng.reporters.JUnitReportReporter -->
<testsuite hostname="LAPTOP-9KUC2J4U" failures="0" tests="1" name="actions.MouseHover" time="44.787" errors="0" timestamp="2024-10-23T11:55:05 IST" skipped="0">
  <testcase classname="actions.MouseHover" name="moseHover" time="44.787"/>
</testsuite> <!-- actions.MouseHover -->
