<?xml version="1.0" encoding="UTF-8"?>
<!-- Generated by org.testng.reporters.JUnitReportReporter -->
<testsuite hostname="LAPTOP-9KUC2J4U" failures="0" tests="1" name="switchwindow.MultipleWindowHandles2" time="50.367" errors="0" timestamp="2024-10-23T23:46:45 IST" skipped="0">
  <testcase classname="switchwindow.MultipleWindowHandles2" name="multipleWindowsTest" time="50.367"/>
</testsuite> <!-- switchwindow.MultipleWindowHandles2 -->
