<?xml version="1.0" encoding="UTF-8"?>
<!-- Generated by org.testng.reporters.JUnitReportReporter -->
<testsuite hostname="LAPTOP-9KUC2J4U" failures="0" tests="1" name="javascriptexecutor.ScrollToElement" time="47.834" errors="0" timestamp="2024-10-26T17:46:11 IST" skipped="0">
  <testcase classname="javascriptexecutor.ScrollToElement" name="scrollTest" time="47.834"/>
</testsuite> <!-- javascriptexecutor.ScrollToElement -->
