<?xml version="1.0" encoding="UTF-8"?>
<!-- Generated by org.testng.reporters.JUnitReportReporter -->
<testsuite hostname="LAPTOP-9KUC2J4U" failures="0" tests="1" name="testscripts.regression.Tc2" time="21.855" errors="0" timestamp="2024-11-09T16:39:44 IST" skipped="0">
  <testcase classname="testscripts.regression.Tc2" name="checkInCheckOutDate" time="21.855"/>
</testsuite> <!-- testscripts.regression.Tc2 -->
