<?xml version="1.0" encoding="UTF-8"?>
<!-- Generated by org.testng.reporters.JUnitReportReporter -->
<testsuite hostname="LAPTOP-9KUC2J4U" failures="0" tests="1" name="testscripts.regression.ValidateLoginUsingPomDataProviderExcel" time="60.406" errors="0" timestamp="2024-11-17T19:54:51 IST" skipped="0">
  <testcase classname="testscripts.regression.ValidateLoginUsingPomDataProviderExcel" name="validateLogin" time="60.406"/>
</testsuite> <!-- testscripts.regression.ValidateLoginUsingPomDataProviderExcel -->
