<?xml version="1.0" encoding="UTF-8"?>
<!-- Generated by org.testng.reporters.JUnitReportReporter -->
<testsuite hostname="LAPTOP-9KUC2J4U" failures="0" tests="1" name="testscripts.regression.ValidateLoginUsingDataProviderExcel" time="18.591" errors="0" timestamp="2024-11-08T17:57:50 IST" skipped="0">
  <testcase classname="testscripts.regression.ValidateLoginUsingDataProviderExcel" name="validateLoginTest1" time="18.591"/>
</testsuite> <!-- testscripts.regression.ValidateLoginUsingDataProviderExcel -->
