<?xml version="1.0" encoding="UTF-8"?>
<!-- Generated by org.testng.reporters.JUnitReportReporter -->
<testsuite hostname="LAPTOP-9KUC2J4U" failures="0" tests="1" name="testscripts.regression.ValidateLoginUsingHybrid" time="21.476" errors="0" timestamp="2024-11-15T16:46:07 IST" skipped="0">
  <testcase classname="testscripts.regression.ValidateLoginUsingHybrid" name="loginTest" time="21.476"/>
</testsuite> <!-- testscripts.regression.ValidateLoginUsingHybrid -->
