<?xml version="1.0" encoding="UTF-8"?>
<!-- Generated by org.testng.reporters.JUnitReportReporter -->
<testsuite hostname="LAPTOP-9KUC2J4U" failures="0" tests="1" name="testscripts.regression.ValidateLoginUsingPom" time="22.156" errors="0" timestamp="2024-11-16T18:41:06 IST" skipped="0">
  <testcase classname="testscripts.regression.ValidateLoginUsingPom" name="validateLogin" time="22.156"/>
</testsuite> <!-- testscripts.regression.ValidateLoginUsingPom -->
