<?xml version="1.0" encoding="UTF-8"?>
<!-- Generated by org.testng.reporters.JUnitReportReporter -->
<testsuite skipped="0" hostname="LAPTOP-9KUC2J4U" name="com.java.java1" tests="1" failures="0" timestamp="2022-01-31T23:34:06 IST" time="13.456" errors="0">
  <testcase name="open" time="13.456" classname="com.java.java1"/>
  <system-out/>
</testsuite> <!-- com.java.java1 -->
