<?xml version="1.0" encoding="UTF-8"?>
<!-- Generated by org.testng.reporters.JUnitReportReporter -->
<testsuite skipped="0" hostname="LAPTOP-9KUC2J4U" name="project2.demo11" tests="2" failures="0" timestamp="2022-02-02T10:49:46 IST" time="0.009" errors="0">
  <testcase name="job11" time="0.004" classname="project2.demo11"/>
  <system-out/>
  <testcase name="hike11" time="0.005" classname="project2.demo11"/>
  <system-out/>
</testsuite> <!-- project2.demo11 -->
