<?xml version="1.0" encoding="UTF-8"?>
<!-- Generated by org.testng.reporters.JUnitReportReporter -->
<testsuite skipped="0" hostname="LAPTOP-9KUC2J4U" name="project2.deom22" tests="2" failures="0" timestamp="2022-02-01T20:37:34 IST" time="0.027" errors="0">
  <testcase name="hike22" time="0.024" classname="project2.deom22"/>
  <system-out/>
  <testcase name="job22" time="0.003" classname="project2.deom22"/>
  <system-out/>
</testsuite> <!-- project2.deom22 -->
