<?xml version="1.0" encoding="UTF-8"?>
<!-- Generated by org.testng.reporters.JUnitReportReporter -->
<testsuite skipped="0" hostname="LAPTOP-9KUC2J4U" name="project2.demo22" tests="1" failures="0" timestamp="2022-02-02T10:49:46 IST" time="0.003" errors="0">
  <testcase name="hike22" time="0.003" classname="project2.demo22"/>
  <system-out/>
</testsuite> <!-- project2.demo22 -->
