<?xml version="1.0" encoding="UTF-8"?>
<!-- Generated by org.testng.reporters.JUnitReportReporter -->
<testsuite skipped="0" hostname="LAPTOP-9KUC2J4U" name="project1.demo3" tests="1" failures="0" timestamp="2022-02-02T10:49:46 IST" time="0.005" errors="0">
  <testcase name="hike3" time="0.005" classname="project1.demo3"/>
  <system-out/>
</testsuite> <!-- project1.demo3 -->
