<?xml version="1.0" encoding="UTF-8"?>
<!-- Generated by org.testng.reporters.JUnitReportReporter -->
<testsuite hostname="LAPTOP-9KUC2J4U" failures="0" tests="2" name="com.rameshsoft.seleniumadv.Demo2" time="0.009" errors="0" timestamp="2023-08-24T20:00:58 IST" skipped="0">
  <testcase classname="com.rameshsoft.seleniumadv.Demo2" name="job2" time="0.004"/>
  <testcase classname="com.rameshsoft.seleniumadv.Demo2" name="hike2" time="0.005"/>
</testsuite> <!-- com.rameshsoft.seleniumadv.Demo2 -->
