<?xml version="1.0" encoding="UTF-8"?>
<!-- Generated by org.testng.reporters.JUnitReportReporter -->
<testsuite hostname="LAPTOP-9KUC2J4U" failures="0" tests="2" name="com.rameshsoft.seleniumadv.Demo1" time="0.015" errors="0" timestamp="2023-08-25T19:16:06 IST" skipped="0">
  <testcase classname="com.rameshsoft.seleniumadv.Demo1" name="hike1" time="0.005"/>
  <testcase classname="com.rameshsoft.seleniumadv.Demo1" name="job1" time="0.010"/>
</testsuite> <!-- com.rameshsoft.seleniumadv.Demo1 -->
