<?xml version="1.0" encoding="UTF-8"?>
<!-- Generated by org.testng.reporters.JUnitReportReporter -->
<testsuite hostname="LAPTOP-9KUC2J4U" failures="0" tests="1" name="com.rameshsoft.seleniumcore.Demo11" time="0.020" errors="0" timestamp="2023-08-24T20:00:58 IST" skipped="0">
  <testcase classname="com.rameshsoft.seleniumcore.Demo11" name="job11" time="0.020"/>
</testsuite> <!-- com.rameshsoft.seleniumcore.Demo11 -->
