<?xml version="1.0" encoding="UTF-8"?>
<!-- Generated by org.testng.reporters.JUnitReportReporter -->
<testsuite hostname="LAPTOP-9KUC2J4U" failures="0" tests="1" name="com.testng.parameters.parameters" time="0.044" errors="0" timestamp="2023-08-25T11:30:04 IST" skipped="0">
  <testcase classname="com.testng.parameters.parameters" name="login" time="0.044"/>
</testsuite> <!-- com.testng.parameters.parameters -->
