<?xml version="1.0" encoding="UTF-8"?>
<!-- Generated by org.testng.reporters.JUnitReportReporter -->
<testsuite hostname="LAPTOP-9KUC2J4U" failures="0" tests="1" name="com.rameshsoft.seleniumadv.Demo3" time="0.004" errors="0" timestamp="2023-08-25T19:16:06 IST" skipped="0">
  <testcase classname="com.rameshsoft.seleniumadv.Demo3" name="hike3" time="0.004"/>
</testsuite> <!-- com.rameshsoft.seleniumadv.Demo3 -->
