<?xml version="1.0" encoding="UTF-8"?>
<!-- Generated by org.testng.reporters.JUnitReportReporter -->
<testsuite hostname="LAPTOP-9KUC2J4U" failures="0" tests="1" name="com.rameshsoft.automation.businesscripts.Insttest" time="6.237" errors="0" timestamp="2023-09-13T15:14:48 IST" skipped="0">
  <testcase classname="com.rameshsoft.automation.businesscripts.Insttest" name="insttest" time="6.237"/>
</testsuite> <!-- com.rameshsoft.automation.businesscripts.Insttest -->
