<?xml version="1.0" encoding="UTF-8"?>
<!-- Generated by org.testng.reporters.JUnitReportReporter -->
<testsuite hostname="LAPTOP-9KUC2J4U" failures="0" tests="1" name="com.rameshsoft.automation.businesscripts.Gmailtest" time="13.491" errors="0" timestamp="2023-09-13T15:14:48 IST" skipped="0">
  <testcase classname="com.rameshsoft.automation.businesscripts.Gmailtest" name="gmailtest" time="13.491"/>
</testsuite> <!-- com.rameshsoft.automation.businesscripts.Gmailtest -->
