<?xml version="1.0" encoding="UTF-8"?>
<!-- Generated by org.testng.reporters.JUnitReportReporter -->
<testsuite hostname="LAPTOP-9KUC2J4U" failures="0" tests="1" name="com.rameshsoft.businesripts.Fbtest" time="2.255" errors="0" timestamp="2023-08-28T09:44:24 IST" skipped="0">
  <testcase classname="com.rameshsoft.businesripts.Fbtest" name="fbtest" time="2.255"/>
</testsuite> <!-- com.rameshsoft.businesripts.Fbtest -->
