<?xml version="1.0" encoding="UTF-8"?>
<!-- Generated by org.testng.reporters.JUnitReportReporter -->
<testsuite skipped="0" hostname="LAPTOP-9KUC2J4U" name="com.grouping.hello2" tests="2" failures="0" timestamp="2022-02-02T18:36:42 IST" time="0.031" errors="0">
  <testcase name="hike2" time="0.027" classname="com.grouping.hello2"/>
  <system-out/>
  <testcase name="job2" time="0.004" classname="com.grouping.hello2"/>
  <system-out/>
</testsuite> <!-- com.grouping.hello2 -->
