<?xml version="1.0" encoding="UTF-8"?>
<!-- Generated by org.testng.reporters.JUnitReportReporter -->
<testsuite skipped="0" hostname="LAPTOP-9KUC2J4U" name="com.groups.hello22" tests="1" failures="0" timestamp="2022-02-02T18:01:27 IST" time="0.005" errors="0">
  <testcase name="job22" time="0.005" classname="com.groups.hello22"/>
  <system-out/>
</testsuite> <!-- com.groups.hello22 -->
