<?xml version="1.0" encoding="UTF-8"?>
<!-- Generated by org.testng.reporters.JUnitReportReporter -->
<testsuite skipped="0" hostname="LAPTOP-9KUC2J4U" name="com.groups.hello11" tests="2" failures="0" timestamp="2022-02-02T18:34:55 IST" time="0.044" errors="0">
  <testcase name="hike11" time="0.037" classname="com.groups.hello11"/>
  <system-out/>
  <testcase name="job11" time="0.007" classname="com.groups.hello11"/>
  <system-out/>
</testsuite> <!-- com.groups.hello11 -->
