<?xml version="1.0" encoding="UTF-8"?>
<!-- Generated by org.testng.reporters.JUnitReportReporter -->
<testsuite skipped="0" hostname="LAPTOP-9KUC2J4U" name="com.grouping.hello1" tests="2" failures="0" timestamp="2022-02-02T18:33:17 IST" time="0.031" errors="0">
  <testcase name="hike1" time="0.027" classname="com.grouping.hello1"/>
  <system-out/>
  <testcase name="job1" time="0.004" classname="com.grouping.hello1"/>
  <system-out/>
</testsuite> <!-- com.grouping.hello1 -->
