<?xml version="1.0" encoding="UTF-8"?>
<!-- Generated by org.testng.reporters.JUnitReportReporter -->
<testsuite skipped="0" hostname="LAPTOP-9KUC2J4U" name="parameters.parametersdemo" tests="1" failures="0" timestamp="2022-02-02T18:30:10 IST" time="0.028" errors="0">
  <testcase name="login" time="0.028" classname="parameters.parametersdemo"/>
  <system-out/>
</testsuite> <!-- parameters.parametersdemo -->
