<?xml version="1.0" encoding="UTF-8"?>
<!-- Generated by org.testng.reporters.JUnitReportReporter -->
<testsuite skipped="0" hostname="LAPTOP-9KUC2J4U" name="parameters.dataprovider" tests="3" failures="0" timestamp="2022-02-03T08:52:46 IST" time="0.034" errors="0">
  <testcase name="login" time="0.005" classname="parameters.dataprovider"/>
  <system-out/>
  <testcase name="login" time="0.005" classname="parameters.dataprovider"/>
  <system-out/>
  <testcase name="login" time="0.024" classname="parameters.dataprovider"/>
  <system-out/>
</testsuite> <!-- parameters.dataprovider -->
