<?xml version="1.0" encoding="UTF-8"?>
<!-- Generated by org.testng.reporters.JUnitReportReporter -->
<testsuite hostname="LAPTOP-9KUC2J4U" failures="0" tests="3" name="First.Dtaprovider" time="0.056" errors="0" timestamp="2023-09-30T09:22:21 IST" skipped="0">
  <testcase classname="First.Dtaprovider" name="Dtaprovider" time="0.016"/>
  <testcase classname="First.Dtaprovider" name="Dtaprovider" time="0.025"/>
  <testcase classname="First.Dtaprovider" name="Dtaprovider" time="0.015"/>
</testsuite> <!-- First.Dtaprovider -->
