<?xml version="1.0" encoding="UTF-8"?>
<!-- Generated by org.testng.reporters.JUnitReportReporter -->
<testsuite hostname="LAPTOP-9KUC2J4U" failures="0" tests="3" name="com.Testng.practice.practice3" time="4.343" errors="0" timestamp="2023-08-24T12:38:53 IST" skipped="0">
  <testcase classname="com.Testng.practice.practice3" name="loginTest" time="4.329"/>
  <testcase classname="com.Testng.practice.practice3" name="job" time="0.007"/>
  <testcase classname="com.Testng.practice.practice3" name="hike" time="0.007"/>
</testsuite> <!-- com.Testng.practice.practice3 -->
