<?xml version="1.0" encoding="UTF-8"?>
<!-- Generated by org.testng.reporters.JUnitReportReporter -->
<testsuite hostname="LAPTOP-9KUC2J4U" failures="0" tests="1" name="com.Testng.practice.Practice2_by_Anotations" time="4.732" errors="0" timestamp="2023-08-24T11:05:31 IST" skipped="0">
  <testcase classname="com.Testng.practice.Practice2_by_Anotations" name="loginTest" time="4.732"/>
</testsuite> <!-- com.Testng.practice.Practice2_by_Anotations -->
