<?xml version="1.0" encoding="UTF-8"?>
<!-- Generated by org.testng.reporters.JUnitReportReporter -->
<testsuite hostname="LAPTOP-9KUC2J4U" failures="0" tests="1" name="com.rameshsoft.apln.businesscripts.gmailtest" time="4.942" errors="0" timestamp="2023-08-25T19:14:06 IST" skipped="0">
  <testcase classname="com.rameshsoft.apln.businesscripts.gmailtest" name="logintest" time="4.942"/>
</testsuite> <!-- com.rameshsoft.apln.businesscripts.gmailtest -->
